<?xml version="1.0" encoding="UTF-8"?>
<!-- Generated by org.testng.reporters.JUnitReportReporter -->
<testsuite hostname="Robika" failures="0" tests="3" name="runners.TestRunner" time="6.241" errors="3" timestamp="2025-07-22T08:57:27 IST" skipped="0">
  <testcase classname="runners.TestRunner" name="runScenario" time="1.568">
    <error message="class stepdefinitions.LoginSteps (in unnamed module @0x244038d0) cannot access class jdk.internal.org.jline.utils.Log (in module jdk.internal.le) because module jdk.internal.le does not export jdk.internal.org.jline.utils to unnamed module @0x244038d0" type="java.lang.IllegalAccessError">
      <![CDATA[java.lang.IllegalAccessError: class stepdefinitions.LoginSteps (in unnamed module @0x244038d0) cannot access class jdk.internal.org.jline.utils.Log (in module jdk.internal.le) because module jdk.internal.le does not export jdk.internal.org.jline.utils to unnamed module @0x244038d0
at stepdefinitions.LoginSteps.i_open_the_browser(LoginSteps.java:15)
at ✽.I open the browser(file:///C:/Users/robin/git/CucumberSeleniumFramework/CucumberSeleniumFramework/src/test/java/features/PasswordReset.feature:4)
]]>
    </error>
  </testcase> <!-- runScenario -->
  <testcase classname="runners.TestRunner" name="runScenario" time="3.002">
    <error message="class stepdefinitions.LoginSteps (in unnamed module @0x244038d0) cannot access class jdk.internal.org.jline.utils.Log (in module jdk.internal.le) because module jdk.internal.le does not export jdk.internal.org.jline.utils to unnamed module @0x244038d0" type="java.lang.IllegalAccessError">
      <![CDATA[java.lang.IllegalAccessError: class stepdefinitions.LoginSteps (in unnamed module @0x244038d0) cannot access class jdk.internal.org.jline.utils.Log (in module jdk.internal.le) because module jdk.internal.le does not export jdk.internal.org.jline.utils to unnamed module @0x244038d0
at stepdefinitions.LoginSteps.i_open_the_browser(LoginSteps.java:15)
at ✽.I open the browser(file:///C:/Users/robin/git/CucumberSeleniumFramework/CucumberSeleniumFramework/src/test/java/features/Login.feature:4)
]]>
    </error>
  </testcase> <!-- runScenario -->
  <testcase classname="runners.TestRunner" name="runScenario" time="1.671">
    <error message="class stepdefinitions.LoginSteps (in unnamed module @0x244038d0) cannot access class jdk.internal.org.jline.utils.Log (in module jdk.internal.le) because module jdk.internal.le does not export jdk.internal.org.jline.utils to unnamed module @0x244038d0" type="java.lang.IllegalAccessError">
      <![CDATA[java.lang.IllegalAccessError: class stepdefinitions.LoginSteps (in unnamed module @0x244038d0) cannot access class jdk.internal.org.jline.utils.Log (in module jdk.internal.le) because module jdk.internal.le does not export jdk.internal.org.jline.utils to unnamed module @0x244038d0
at stepdefinitions.LoginSteps.i_open_the_browser(LoginSteps.java:15)
at ✽.I open the browser(file:///C:/Users/robin/git/CucumberSeleniumFramework/CucumberSeleniumFramework/src/test/java/features/SignUp.feature:4)
]]>
    </error>
  </testcase> <!-- runScenario -->
</testsuite> <!-- runners.TestRunner -->
